<?xml version="1.0" encoding="UTF-8"?>
<!-- Generated by org.testng.reporters.JUnitXMLReporter -->
<testsuite ignored="0" hostname="LAPTOP-UDA3AESM" failures="0" tests="8" name="Test" time="0.079" errors="0" timestamp="09 May 2022 10:51:52 GMT">
  <testcase classname="com.trial.parallel01" name="tc10" time="0.015"/>
  <testcase classname="com.trial.parallel00" name="tc00" time="0.015"/>
  <testcase classname="com.trial.parallel01" name="tc11" time="0.002"/>
  <testcase classname="com.trial.parallel00" name="tc01" time="0.003"/>
  <testcase classname="com.trial.parallel01" name="tc12" time="0.003"/>
  <testcase classname="com.trial.parallel00" name="tc02" time="0.002"/>
  <testcase classname="com.trial.parallel01" name="tc13" time="0.002"/>
  <testcase classname="com.trial.parallel00" name="tc03" time="0.002"/>
</testsuite> <!-- Test -->
